<?xml version="1.0" encoding="UTF-8"?>
<!-- Generated by org.testng.reporters.JUnitReportReporter -->
<testsuite hostname="MacBook-Air-cua-SAM.local" failures="0" tests="3" name="sam.com.pageObjectModal.Testcases.LoginTest" time="47.214" errors="0" timestamp="2024-11-06T21:37:36 ICT" skipped="0">
  <testcase classname="sam.com.pageObjectModal.Testcases.LoginTest" name="loginFailWithEmailInvalid" time="17.476"/>
  <testcase classname="sam.com.pageObjectModal.Testcases.LoginTest" name="loginFailWithPasswordInvalid" time="14.091"/>
  <testcase classname="sam.com.pageObjectModal.Testcases.LoginTest" name="loginSuccess" time="15.647"/>
</testsuite> <!-- sam.com.pageObjectModal.Testcases.LoginTest -->
